<?xml version="1.0" encoding="UTF-8"?>
<!-- Generated by org.testng.reporters.JUnitReportReporter -->
<testsuite hostname="DESKTOP-2NAMJSI" failures="0" tests="1" name="varsharchitect.VarshaFWA" time="0.022" errors="0" timestamp="2024-10-14T12:43:19 IST" skipped="0">
  <testcase classname="varsharchitect.VarshaFWA" name="test" time="0.022"/>
  <system-out/>
</testsuite> <!-- varsharchitect.VarshaFWA -->
